control103.txt 0.307826025350546 0.0778977433785106 0.303324242703963 0.812758853763805
control105.txt 0.342477210104484 0.0865830770218148 0.327123569922897 0.971467638194025
control109.txt 0.229171510376434 0.170702850411131 0.355827105707936 0.925813350712266
control116.txt 0.354491630150819 0.0902326838066616 0.395869614157065 0.968063730402712
control120.txt 0.316769498110488 0.100977939373285 0.407740956825402 0.844672302444678
control121.txt 0.343748951099368 0.113804652869975 0.360599942187122 0.931593029843659
control129.txt 0.278135246076542 0.0862132831643523 0.343678270017802 0.974032419385862
control130.txt 0.366523474527656 0.0910526558765028 0.401825090405538 0.975943804045291
control133.txt 0.29882972711257 0.130911440546023 0.303321456509058 0.95118704136656
control138.txt 0.262631514830604 0.073246617547455 0.315272635838421 0.930614529946299
control139.txt 0.230738371768014 0.113027006412583 0.315242522297999 0.950491802038879
control148.txt 0.351728951785898 0.111222661244259 0.391495183033022 0.923680831303728
control152.txt 0.203464592252071 0.0808571150796599 0.373513484019949 0.931342058078403
control178.txt 0.220739595390542 0.121741822794889 0.363008971325993 0.987916594336126
control57.txt 0.251738637373333 0.0819501859890187 0.366069254827857 0.960596707665481
control59.txt 0.325751669775455 0.112933545998285 0.347105953969494 0.838353639594426
control60.txt 0.286316283783199 0.100057002635441 0.359807922650439 0.908899351012434
control61.txt 0.307712484037677 0.080069979880585 0.349748363712994 0.968170496132482
control63.txt 0.297402688941007 0.0710472471261888 0.373419120558482 0.941415578897634
control64.txt 0.308199583761838 0.0799434318021051 0.316320637071213 0.931638590760694
control68.txt 0.382976154824964 0.0835214693461167 0.329302481598287 0.977536365184671
control73.txt 0.380336378715879 0.0877458420083375 0.387059641856367 0.972629118774736
control74.txt 0.270604720624948 0.109579502501698 0.33633316551802 0.891415063812285
control77.txt 0.342123044789092 0.10767666687175 0.364115756081356 0.969825692883105
control80.txt 0.255507336249948 0.120379125952716 0.307238725858122 0.972934160921696
control82.txt 0.226584298992705 0.130868426420171 0.303979918539031 0.973058127901017
control83.txt 0.298525376484309 0.0959648707203656 0.371269294275533 0.899414889622186
control84.txt 0.287022509688711 0.0754283598685692 0.319444245150837 0.972705168731673
control85.txt 0.338274618310781 0.0945584724483227 0.397431813023398 0.971980294300445
control87.txt 0.3709118697805 0.0993191971578167 0.379833054819886 0.81769533618676
control89.txt 0.378556647095467 0.103340491718841 0.349906708587836 0.975364616560987
hungover103.txt 0.324360404830926 0.0759603577962747 0.296955053393477 0.931006439457364
hungover105.txt 0.294564475926826 0.104417716072172 0.347849176903332 0.914143827919928
hungover109.txt 0.175863652957987 0.140100196893941 0.355572617560767 0.923098854638057
hungover116.txt 0.269951530490089 0.106122566184587 0.364685224917752 0.991319539924283
hungover120.txt 0.206018982663781 0.113357268617733 0.343070922206175 0.967435901421726
hungover121.txt 0.283914096091842 0.117545892423852 0.340894210650408 0.959600239231949
hungover129.txt 0.290599648848084 0.0954092247953542 0.327065144569621 0.927827346516348
hungover130.txt 0.217846352043646 0.101619965563798 0.348395276321616 0.949544393752852
hungover133.txt 0.217715427921785 0.211979489046558 0.240515738482555 0.907630746370595
hungover138.txt 0.228459377338692 0.0903006407252116 0.287671902821043 0.983131321962986
hungover139.txt 0.183063746343959 0.138405165662723 0.312440616867945 0.941897124976435
hungover148.txt 0.270636296518958 0.118190839835359 0.385010016420619 0.979919272243112
hungover152.txt 0.197366055362844 0.115314502371128 0.368962058726157 0.934280130598808
hungover178.txt 0.180996307957589 0.169935785759135 0.382760813961589 0.973818455494054
hungover57.txt 0.296546964076722 0.103719658395551 0.366723935840727 0.833124681300957
hungover59.txt 0.27971145472784 0.0813665943043469 0.38150321689904 0.871653596141859
hungover60.txt 0.277416233763483 0.110872205980918 0.385257375650869 0.972790567698814
hungover61.txt 0.201159562101244 0.0873862469767973 0.379173831028659 0.966748851624504
hungover63.txt 0.241870671331705 0.0695313145969376 0.352198970637526 0.979328288162503
hungover64.txt 0.264332325835087 0.0799358998958278 0.328369830445345 0.877366228696405
hungover68.txt 0.318317232870162 0.0966260906924289 0.308105972682737 0.986327207237921
hungover73.txt 0.365737106435204 0.100724450636048 0.404090918118778 0.836554182708872
hungover74.txt 0.213972611361479 0.121883203927413 0.290495053660463 0.974485074287964
hungover77.txt 0.380581496910921 0.0728513799210984 0.363533788082996 0.938189738509087
hungover80.txt 0.234463770207197 0.157118812387728 0.273894569740231 0.923050039221945
hungover82.txt 0.223979004552451 0.123787884841255 0.306146081380688 0.970164167272454
hungover83.txt 0.219214826776771 0.135267906357851 0.371007948841971 0.925495810305769
hungover84.txt 0.316072903448126 0.0720060726839688 0.315155116446962 0.982952199445951
hungover85.txt 0.329170487408683 0.0971737515939378 0.415424869078467 0.883323672719667
hungover87.txt 0.342155808448625 0.107666356125693 0.36898391229366 0.946612791254577
hungover89.txt 0.34683944918895 0.153189205883765 0.425924329509266 0.921556837195411
